0 info it worked if it ends with ok
1 verbose cli [ 'node', '/usr/local/bin/npm', 'install' ]
2 info using npm@1.2.2
3 info using node@v0.8.18
4 verbose read json /Users/Erik/prog/webApps/edugamify/package.json
5 error install Couldn't read dependencies
6 error Failed to parse json
6 error Unexpected token }
7 error File: /Users/Erik/prog/webApps/edugamify/package.json
8 error Failed to parse package.json data.
8 error package.json must be actual JSON, not just JavaScript.
8 error
8 error This is not a bug in npm.
8 error Tell the package author to fix their package.json file. JSON.parse
9 error System Darwin 11.4.2
10 error command "node" "/usr/local/bin/npm" "install"
11 error cwd /Users/Erik/prog/webApps/edugamify
12 error node -v v0.8.18
13 error npm -v 1.2.2
14 error file /Users/Erik/prog/webApps/edugamify/package.json
15 error code EJSONPARSE
16 verbose exit [ 1, true ]
